<?xml version="1.0" encoding="UTF-8"?>
<testsuite name="nbuttr.finance_bot.FinanceBotApplicationTests" tests="1" skipped="0" failures="0" errors="0" timestamp="2024-05-25T14:05:20" hostname="DESKTOP-0FOBOTR" time="0.47">
  <properties/>
  <testcase name="contextLoads()" classname="nbuttr.finance_bot.FinanceBotApplicationTests" time="0.47"/>
  <system-out><![CDATA[17:05:19.449 [Test worker] INFO org.springframework.test.context.support.AnnotationConfigContextLoaderUtils -- Could not detect default configuration classes for test class [nbuttr.finance_bot.FinanceBotApplicationTests]: FinanceBotApplicationTests does not declare any static, non-private, non-final, nested classes annotated with @Configuration.
17:05:19.501 [Test worker] INFO org.springframework.boot.test.context.SpringBootTestContextBootstrapper -- Found @SpringBootConfiguration nbuttr.finance_bot.FinanceBotApplication for test class nbuttr.finance_bot.FinanceBotApplicationTests

  .   ____          _            __ _ _
 /\\ / ___'_ __ _ _(_)_ __  __ _ \ \ \ \
( ( )\___ | '_ | '_| | '_ \/ _` | \ \ \ \
 \\/  ___)| |_)| | | | | || (_| |  ) ) ) )
  '  |____| .__|_| |_|_| |_\__, | / / / /
 =========|_|==============|___/=/_/_/_/
 :: Spring Boot ::                (v3.2.3)

2024-05-25T17:05:19.712+03:00  INFO 388 --- [    Test worker] n.f.FinanceBotApplicationTests           : Starting FinanceBotApplicationTests using Java 21.0.1 with PID 388 (started by nbuttr in C:\Users\nbuttr\IdeaProjects\finance_bot)
2024-05-25T17:05:19.713+03:00  INFO 388 --- [    Test worker] n.f.FinanceBotApplicationTests           : No active profile set, falling back to 1 default profile: "default"
2024-05-25T17:05:20.563+03:00  INFO 388 --- [    Test worker] n.f.FinanceBotApplicationTests           : Started FinanceBotApplicationTests in 0.966 seconds (process running for 1.598)
]]></system-out>
  <system-err><![CDATA[WARNING: A Java agent has been loaded dynamically (C:\Users\nbuttr\.gradle\caches\modules-2\files-2.1\net.bytebuddy\byte-buddy-agent\1.14.12\be4984cb6fd1ef1d11f218a648889dfda44b8a15\byte-buddy-agent-1.14.12.jar)
WARNING: If a serviceability tool is in use, please run with -XX:+EnableDynamicAgentLoading to hide this warning
WARNING: If a serviceability tool is not in use, please run with -Djdk.instrument.traceUsage for more information
WARNING: Dynamic loading of agents will be disallowed by default in a future release
]]></system-err>
</testsuite>
